生成启动时间为 2015/11/14 16:20:04。
     1>项目“C:\Virtual_Oscilloscope\Virtual_Oscilloscope.vcxproj”在节点 2 上(Build 个目标)。
     1>C:\Program Files (x86)\MSBuild\Microsoft.Cpp\v4.0\V120\Microsoft.CppBuild.targets(388,5): warning MSB8028: The intermediate directory (Win32\Debug\) contains files shared from another project (Virtual_Oscilloscope.vcxproj).  This can lead to incorrect clean and rebuild behavior.
     1>CustomBuild:
         Moc'ing qcustomplot.h...
         Qt: Untested Windows version 10.0 detected!
         Moc'ing vo.h...
         Qt: Untested Windows version 10.0 detected!
       ClCompile:
         C:\应用程序\Microsoft Visual Studio 12.0\VC\bin\CL.exe /c /I. /I..\qt\qt5.4.1\5.4\msvc2013\include /I..\qt\qt5.4.1\5.4\msvc2013\include\QtPrintSupport /I..\qt\qt5.4.1\5.4\msvc2013\include\QtWidgets /I..\qt\qt5.4.1\5.4\msvc2013\include\QtGui /I..\qt\qt5.4.1\5.4\msvc2013\include\QtANGLE /I..\qt\qt5.4.1\5.4\msvc2013\include\QtNetwork /I..\qt\qt5.4.1\5.4\msvc2013\include\QtCore /Idebug /I. /I"..\qt\qt5.4.1\5.4\msvc2013\mkspecs\win32-msvc2013" /I.\GeneratedFiles /Zi /nologo /W3 /WX- /Od /Oy- /D _WINDOWS /D UNICODE /D WIN32 /D QT_PRINTSUPPORT_LIB /D QT_WIDGETS_LIB /D QT_GUI_LIB /D QT_NETWORK_LIB /D QT_CORE_LIB /Gm- /EHsc /MDd /GS /fp:precise /Zc:wchar_t /Zc:forScope /GR /Fo"Win32\Debug\\" /Fd"Win32\Debug\vc120.pdb" /Gd /TP /analyze- /errorReport:prompt -Zm200 -w34100 -w34189 Debug\moc_qcustomplot.cpp Debug\moc_vo.cpp main.cpp
         moc_qcustomplot.cpp
         moc_vo.cpp
     1>c:\virtual_oscilloscope\debug\../vo.h : warning C4819: 该文件包含不能在当前代码页(936)中表示的字符。请将该文件保存为 Unicode 格式以防止数据丢失
         main.cpp
     1>c:\virtual_oscilloscope\vo.h : warning C4819: 该文件包含不能在当前代码页(936)中表示的字符。请将该文件保存为 Unicode 格式以防止数据丢失
         正在生成代码...
       Link:
         C:\应用程序\Microsoft Visual Studio 12.0\VC\bin\link.exe /ERRORREPORT:PROMPT /OUT:"debug\\Virtual_Oscilloscope.exe" /NOLOGO /LIBPATH:C:\Qt\Qt5.4.1\5.4\msvc2013\lib /LIBPATH:C:\Qt\Qt5.4.1\5.4\msvc2013\lib /LIBPATH:C:\Qt\Qt5.4.1\5.4\msvc2013\lib C:\Qt\Qt5.4.1\5.4\msvc2013\lib\qtmaind.lib shell32.lib C:\Qt\Qt5.4.1\5.4\msvc2013\lib\Qt5Cored.lib C:\Qt\Qt5.4.1\5.4\msvc2013\lib\Qt5PrintSupportd.lib C:\Qt\Qt5.4.1\5.4\msvc2013\lib\Qt5Widgetsd.lib C:\Qt\Qt5.4.1\5.4\msvc2013\lib\Qt5Guid.lib C:\Qt\Qt5.4.1\5.4\msvc2013\lib\Qt5Networkd.lib C:\Qt\Qt5.4.1\5.4\msvc2013\lib\Qt5Cored.lib kernel32.lib user32.lib gdi32.lib winspool.lib comdlg32.lib advapi32.lib shell32.lib ole32.lib oleaut32.lib uuid.lib odbc32.lib odbccp32.lib /MANIFEST /MANIFESTUAC:"level='asInvoker' uiAccess='false'" /manifest:embed /DEBUG /PDB:"debug\Virtual_Oscilloscope.pdb" /SUBSYSTEM:WINDOWS /TLBID:1 /DYNAMICBASE /NXCOMPAT /MACHINE:X86 /SAFESEH "/MANIFESTDEPENDENCY:type='win32' name='Microsoft.Windows.Common-Controls' version='6.0.0.0' publicKeyToken='6595b64144ccf1df' language='*' processorArchitecture='*'" Win32\Debug\moc_qcustomplot.obj
         Win32\Debug\moc_vo.obj
         Win32\Debug\main.obj
         Win32\Debug\qcustomplot.obj
         Win32\Debug\vo.obj
         Virtual_Oscilloscope.vcxproj -> C:\Virtual_Oscilloscope\debug\Virtual_Oscilloscope.exe
     1>已完成生成项目“C:\Virtual_Oscilloscope\Virtual_Oscilloscope.vcxproj”(Build 个目标)的操作。

生成成功。

已用时间 00:00:07.77
