生成启动时间为 2015/11/14 17:18:05。
     1>项目“C:\Virtual_Oscilloscope\Virtual_Oscilloscope.vcxproj”在节点 2 上(Build 个目标)。
     1>CustomBuild:
         Moc'ing qcustomplot.h...
         Qt: Untested Windows version 10.0 detected!
         Moc'ing vo.h...
         Qt: Untested Windows version 10.0 detected!
       ClCompile:
         C:\应用程序\Microsoft Visual Studio 12.0\VC\bin\CL.exe /c /I. /I..\qt\qt5.4.1\5.4\msvc2013\include /I..\qt\qt5.4.1\5.4\msvc2013\include\QtPrintSupport /I..\qt\qt5.4.1\5.4\msvc2013\include\QtWidgets /I..\qt\qt5.4.1\5.4\msvc2013\include\QtGui /I..\qt\qt5.4.1\5.4\msvc2013\include\QtANGLE /I..\qt\qt5.4.1\5.4\msvc2013\include\QtNetwork /I..\qt\qt5.4.1\5.4\msvc2013\include\QtCore /Irelease /I. /I"..\qt\qt5.4.1\5.4\msvc2013\mkspecs\win32-msvc2013" /I.\GeneratedFiles /nologo /W3 /WX- /O2 /Oy- /D _WINDOWS /D UNICODE /D WIN32 /D QT_NO_DEBUG /D QT_PRINTSUPPORT_LIB /D QT_WIDGETS_LIB /D QT_GUI_LIB /D QT_NETWORK_LIB /D QT_CORE_LIB /D NDEBUG /Gm- /EHsc /MD /GS /fp:precise /Zc:wchar_t /Zc:forScope /GR /Fo"Win32\Release\\" /Fd"Win32\Release\vc120.pdb" /Gd /TP /analyze- /errorReport:prompt -Zm200 -Zc:strictStrings -w34100 -w34189 main.cpp qcustomplot.cpp Release\moc_qcustomplot.cpp Release\moc_vo.cpp vo.cpp
         main.cpp
     1>c:\virtual_oscilloscope\vo.h : warning C4819: 该文件包含不能在当前代码页(936)中表示的字符。请将该文件保存为 Unicode 格式以防止数据丢失
         qcustomplot.cpp
         moc_qcustomplot.cpp
         moc_vo.cpp
     1>c:\virtual_oscilloscope\release\../vo.h : warning C4819: 该文件包含不能在当前代码页(936)中表示的字符。请将该文件保存为 Unicode 格式以防止数据丢失
         vo.cpp
     1>c:\virtual_oscilloscope\vo.h : warning C4819: 该文件包含不能在当前代码页(936)中表示的字符。请将该文件保存为 Unicode 格式以防止数据丢失
     1>vo.cpp(104): warning C4100: “value”: 未引用的形参
         正在生成代码...
     1>c:\virtual_oscilloscope\vo.cpp(87): warning C4700: 使用了未初始化的局部变量“size”
       Link:
         C:\应用程序\Microsoft Visual Studio 12.0\VC\bin\link.exe /ERRORREPORT:PROMPT /OUT:"release\\Virtual_Oscilloscope.exe" /INCREMENTAL:NO /NOLOGO /LIBPATH:C:\Qt\Qt5.4.1\5.4\msvc2013\lib /LIBPATH:C:\Qt\Qt5.4.1\5.4\msvc2013\lib /LIBPATH:C:\Qt\Qt5.4.1\5.4\msvc2013\lib C:\Qt\Qt5.4.1\5.4\msvc2013\lib\qtmain.lib shell32.lib C:\Qt\Qt5.4.1\5.4\msvc2013\lib\Qt5Core.lib C:\Qt\Qt5.4.1\5.4\msvc2013\lib\Qt5PrintSupport.lib C:\Qt\Qt5.4.1\5.4\msvc2013\lib\Qt5Widgets.lib C:\Qt\Qt5.4.1\5.4\msvc2013\lib\Qt5Gui.lib C:\Qt\Qt5.4.1\5.4\msvc2013\lib\Qt5Network.lib C:\Qt\Qt5.4.1\5.4\msvc2013\lib\Qt5Core.lib kernel32.lib user32.lib gdi32.lib winspool.lib comdlg32.lib advapi32.lib shell32.lib ole32.lib oleaut32.lib uuid.lib odbc32.lib odbccp32.lib /MANIFEST /MANIFESTUAC:"level='asInvoker' uiAccess='false'" /manifest:embed /PDB:"release\Virtual_Oscilloscope.pdb" /SUBSYSTEM:WINDOWS /TLBID:1 /DYNAMICBASE /NXCOMPAT /MACHINE:X86 /SAFESEH "/MANIFESTDEPENDENCY:type='win32' name='Microsoft.Windows.Common-Controls' version='6.0.0.0' publicKeyToken='6595b64144ccf1df' language='*' processorArchitecture='*'" Win32\Release\main.obj
         Win32\Release\qcustomplot.obj
         Win32\Release\moc_qcustomplot.obj
         Win32\Release\moc_vo.obj
         Win32\Release\vo.obj
         Virtual_Oscilloscope.vcxproj -> C:\Virtual_Oscilloscope\release\Virtual_Oscilloscope.exe
     1>已完成生成项目“C:\Virtual_Oscilloscope\Virtual_Oscilloscope.vcxproj”(Build 个目标)的操作。

生成成功。

已用时间 00:00:13.65
